2025-06-14 22:24:51,049 - INFO - utils - 日志记录已设置。
2025-06-14 22:24:51,050 - INFO - main - 量化分析项目开始执行...
2025-06-14 22:24:51,052 - ERROR - main - 未能加载配置文件。项目终止。
2025-06-14 22:27:27,309 - INFO - utils - 日志记录已设置。
2025-06-14 22:27:27,310 - INFO - main - 量化分析项目开始执行...
2025-06-14 22:27:27,312 - INFO - main - 步骤 1: 数据获取
2025-06-14 22:31:06,390 - INFO - main - 数据获取完成。
2025-06-14 22:31:06,390 - INFO - main - 步骤 2: 数据处理
2025-06-14 22:31:06,471 - INFO - main - 数据处理完成。
2025-06-14 22:31:06,471 - INFO - main - 步骤 3: 模型开发
2025-06-14 22:53:14,788 - INFO - utils - 日志记录已设置。
2025-06-14 22:53:14,788 - INFO - main - 量化分析项目开始执行...
2025-06-14 22:53:14,790 - INFO - main - 步骤 1: 数据获取
2025-06-14 22:53:14,791 - INFO - main - 原始数据文件 data\raw_open_prices.csv 已存在，跳过下载步骤。
2025-06-14 22:53:14,791 - INFO - main - 步骤 2: 数据处理
2025-06-14 22:53:14,791 - INFO - main - 处理后的回报数据文件 data\daily_returns.csv 已存在，跳过处理步骤。
2025-06-14 22:53:14,792 - ERROR - main - 从 data\daily_returns.csv 加载预先存在的回报数据失败: name 'pd' is not defined。将尝试重新处理。
2025-06-14 22:53:14,870 - INFO - main - 数据处理完成。
2025-06-14 22:53:14,871 - INFO - main - 步骤 3: 模型开发
2025-06-14 22:53:14,871 - INFO - main - 预测文件未找到，开始模型训练...
2025-06-14 22:53:32,099 - INFO - utils - 日志记录已设置。
2025-06-14 22:53:32,100 - INFO - main - 量化分析项目开始执行...
2025-06-14 22:53:32,102 - INFO - main - 步骤 1: 数据获取
2025-06-14 22:53:32,102 - INFO - main - 原始数据文件 data\raw_open_prices.csv 已存在，跳过下载步骤。
2025-06-14 22:53:32,102 - INFO - main - 步骤 2: 数据处理
2025-06-14 22:53:32,102 - INFO - main - 处理后的回报数据文件 data\daily_returns.csv 已存在，跳过处理步骤。
2025-06-14 22:53:32,102 - ERROR - main - 从 data\daily_returns.csv 加载预先存在的回报数据失败: name 'pd' is not defined。将尝试重新处理。
2025-06-14 22:53:32,184 - INFO - main - 数据处理完成。
2025-06-14 22:53:32,184 - INFO - main - 步骤 3: 模型开发
2025-06-14 22:53:32,184 - INFO - main - 预测文件未找到，开始模型训练...
2025-06-14 22:53:49,524 - INFO - main - 样本内预测已保存到 data\in_sample_predictions.csv
2025-06-14 22:53:49,525 - INFO - main - 样本外预测已保存到 data\out_sample_predictions.csv
2025-06-14 22:53:49,525 - INFO - main - 模型开发完成。
2025-06-14 22:53:49,525 - INFO - main - 步骤 4: 模型评估
2025-06-14 22:53:51,090 - INFO - main - 样本内平均IC: 0.0313
2025-06-14 22:53:51,090 - INFO - main - 样本外平均IC: 0.0108
2025-06-14 22:53:51,090 - INFO - main - 量化分析项目执行完毕。
