2025-06-15 00:42:40,638 - INFO - utils - 日志记录已设置。
2025-06-15 00:42:40,639 - INFO - main - 量化分析项目开始执行...
2025-06-15 00:42:40,642 - INFO - main - 步骤 1: 数据获取
2025-06-15 00:42:40,642 - INFO - main - ETF原始数据文件 data\raw_open_prices.csv 已存在，跳过下载。
2025-06-15 00:42:40,643 - INFO - main - 宏观数据文件 data\macro_data.csv 已存在，跳过下载。
2025-06-15 00:42:40,659 - ERROR - main - 从 data\macro_data.csv 加载宏观数据失败: No columns to parse from file。将尝试重新下载。
2025-06-15 00:43:26,758 - INFO - main - 数据获取阶段完成。
2025-06-15 00:43:26,758 - INFO - main - 步骤 2: 数据处理
2025-06-15 00:43:26,758 - INFO - main - 处理后的组合数据文件 data\processed_combined_data.csv 未找到，开始处理...
2025-06-15 00:43:27,101 - INFO - main - 数据处理完成。
2025-06-15 00:43:27,104 - INFO - main - 步骤 3: 模型开发与评估
2025-06-15 00:43:27,104 - INFO - main - 训练VAR模型...
2025-06-15 00:47:23,099 - INFO - utils - 日志记录已设置。
2025-06-15 00:47:23,099 - INFO - main - 量化分析项目开始执行...
2025-06-15 00:47:23,101 - INFO - main - 步骤 1: 数据获取
2025-06-15 00:47:23,102 - INFO - main - ETF原始数据文件 data\raw_open_prices.csv 已存在，跳过下载。
2025-06-15 00:47:23,102 - INFO - main - 宏观数据文件 data\macro_data.csv 已存在，跳过下载。
2025-06-15 00:47:23,113 - INFO - main - 已从 data\macro_data.csv 加载宏观数据。
2025-06-15 00:47:23,113 - INFO - main - 数据获取阶段完成。
2025-06-15 00:47:23,113 - INFO - main - 步骤 2: 数据处理
2025-06-15 00:47:23,114 - INFO - main - 处理后的组合数据文件 data\processed_combined_data.csv 已存在，跳过处理步骤。
2025-06-15 00:47:23,142 - INFO - main - 已从 data\processed_combined_data.csv 加载组合数据。
2025-06-15 00:47:23,142 - INFO - main - 数据处理完成。
2025-06-15 00:47:23,144 - INFO - main - 步骤 3: 模型开发与评估
2025-06-15 00:47:23,144 - INFO - main - 训练VAR模型...
2025-06-15 00:47:32,484 - INFO - main - VAR预测已保存。
2025-06-15 00:47:32,485 - INFO - main - 评估VAR模型...
2025-06-15 00:47:35,900 - INFO - main - 训练DFM模型...
2025-06-18 04:16:49,483 - INFO - utils - 日志记录已设置。
2025-06-18 04:16:49,484 - INFO - main - 量化分析项目开始执行...
2025-06-18 04:16:49,487 - INFO - main - 步骤 1: 数据获取
2025-06-18 04:16:49,488 - INFO - main - ETF原始数据文件 data\raw_open_prices.csv 已存在，跳过下载。
2025-06-18 04:16:49,488 - INFO - main - 宏观数据文件 data\macro_data.csv 已存在，跳过下载。
2025-06-18 04:16:49,525 - INFO - main - 已从 data\macro_data.csv 加载宏观数据。
2025-06-18 04:16:49,527 - INFO - main - 数据获取阶段完成。
2025-06-18 04:16:49,527 - INFO - main - 步骤 2: 数据处理
2025-06-18 04:16:49,527 - INFO - main - 处理后的组合数据文件 data\processed_combined_data.csv 已存在，跳过处理步骤。
2025-06-18 04:16:49,555 - INFO - main - 已从 data\processed_combined_data.csv 加载组合数据。
2025-06-18 04:16:49,555 - INFO - main - 数据处理完成。
2025-06-18 04:16:49,559 - INFO - main - 步骤 3: 模型开发与评估
2025-06-18 04:16:49,561 - INFO - main - 训练VAR模型...
2025-06-18 04:16:49,561 - INFO - main - VAR预测文件已存在，加载预测...
2025-06-18 04:16:49,581 - INFO - main - 评估VAR模型...
2025-06-18 04:16:51,250 - INFO - main - 训练DFM模型...
